<?xml version="1.0" encoding="UTF-8"?>
<!-- Generated by org.testng.reporters.JUnitReportReporter -->
<testsuite hostname="LAPTOP-C85JR1KG" name="demoJenkins.JenkinsExample1" tests="1" failures="0" timestamp="16 Feb 2018 01:09:05 GMT" time="13.549" errors="0">
  <testcase name="f" time="13.549" classname="demoJenkins.JenkinsExample1"/>
</testsuite> <!-- demoJenkins.JenkinsExample1 -->
